2026-01-30 14:06:56,079 - INFO - ===== DATA INGESTION STARTED =====
2026-01-30 14:06:56,079 - INFO - Started ingesting begin_inventory.csv
2026-01-30 14:07:19,373 - INFO - begin_inventory: chunk 1 inserted (100000 rows)
2026-01-30 14:07:42,212 - INFO - begin_inventory: chunk 2 inserted (100000 rows)
2026-01-30 14:07:43,593 - INFO - begin_inventory: chunk 3 inserted (6529 rows)
2026-01-30 14:07:43,596 - INFO - Finished begin_inventory in 0.79 minutes
2026-01-30 14:07:43,596 - INFO - Started ingesting end_inventory.csv
2026-01-30 14:08:06,368 - INFO - end_inventory: chunk 1 inserted (100000 rows)
2026-01-30 14:08:28,737 - INFO - end_inventory: chunk 2 inserted (100000 rows)
2026-01-30 14:08:33,930 - INFO - end_inventory: chunk 3 inserted (24489 rows)
2026-01-30 14:08:33,934 - INFO - Finished end_inventory in 0.84 minutes
2026-01-30 14:08:33,934 - INFO - Started ingesting purchases.csv
2026-01-30 14:09:18,498 - INFO - purchases: chunk 1 inserted (100000 rows)
2026-01-30 14:10:02,652 - INFO - purchases: chunk 2 inserted (100000 rows)
2026-01-30 14:10:45,591 - INFO - purchases: chunk 3 inserted (100000 rows)
2026-01-30 14:11:29,675 - INFO - purchases: chunk 4 inserted (100000 rows)
2026-01-30 14:12:11,709 - INFO - purchases: chunk 5 inserted (100000 rows)
2026-01-30 14:12:53,088 - INFO - purchases: chunk 6 inserted (100000 rows)
2026-01-30 14:13:34,656 - INFO - purchases: chunk 7 inserted (100000 rows)
2026-01-30 14:14:15,619 - INFO - purchases: chunk 8 inserted (100000 rows)
2026-01-30 14:14:58,144 - INFO - purchases: chunk 9 inserted (100000 rows)
2026-01-30 14:15:40,467 - INFO - purchases: chunk 10 inserted (100000 rows)
2026-01-30 14:16:21,404 - INFO - purchases: chunk 11 inserted (100000 rows)
2026-01-30 14:17:02,741 - INFO - purchases: chunk 12 inserted (100000 rows)
2026-01-30 14:17:45,204 - INFO - purchases: chunk 13 inserted (100000 rows)
2026-01-30 14:18:26,125 - INFO - purchases: chunk 14 inserted (100000 rows)
2026-01-30 14:19:09,503 - INFO - purchases: chunk 15 inserted (100000 rows)
2026-01-30 14:19:52,357 - INFO - purchases: chunk 16 inserted (100000 rows)
2026-01-30 14:20:36,043 - INFO - purchases: chunk 17 inserted (100000 rows)
2026-01-30 14:21:18,784 - INFO - purchases: chunk 18 inserted (100000 rows)
2026-01-30 14:22:03,479 - INFO - purchases: chunk 19 inserted (100000 rows)
2026-01-30 14:22:49,398 - INFO - purchases: chunk 20 inserted (100000 rows)
2026-01-30 14:23:33,057 - INFO - purchases: chunk 21 inserted (100000 rows)
2026-01-30 14:24:16,557 - INFO - purchases: chunk 22 inserted (100000 rows)
2026-01-30 14:24:58,948 - INFO - purchases: chunk 23 inserted (100000 rows)
2026-01-30 14:25:29,267 - INFO - purchases: chunk 24 inserted (72474 rows)
2026-01-30 14:25:29,280 - INFO - Finished purchases in 16.92 minutes
2026-01-30 14:25:29,280 - INFO - Started ingesting purchase_prices.csv
2026-01-30 14:25:33,642 - INFO - purchase_prices: chunk 1 inserted (12261 rows)
2026-01-30 14:25:33,644 - INFO - Finished purchase_prices in 0.07 minutes
2026-01-30 14:25:33,644 - INFO - Started ingesting sales.csv
2026-01-30 14:26:10,322 - INFO - sales: chunk 1 inserted (100000 rows)
2026-01-30 14:26:48,360 - INFO - sales: chunk 2 inserted (100000 rows)
2026-01-30 14:27:26,585 - INFO - sales: chunk 3 inserted (100000 rows)
2026-01-30 14:28:03,735 - INFO - sales: chunk 4 inserted (100000 rows)
2026-01-30 14:28:39,808 - INFO - sales: chunk 5 inserted (100000 rows)
2026-01-30 14:29:16,807 - INFO - sales: chunk 6 inserted (100000 rows)
2026-01-30 14:29:55,127 - INFO - sales: chunk 7 inserted (100000 rows)
2026-01-30 14:30:31,923 - INFO - sales: chunk 8 inserted (100000 rows)
2026-01-30 14:31:09,900 - INFO - sales: chunk 9 inserted (100000 rows)
2026-01-30 14:31:55,658 - INFO - sales: chunk 10 inserted (100000 rows)
2026-01-30 14:32:41,347 - INFO - sales: chunk 11 inserted (100000 rows)
2026-01-30 14:33:27,548 - INFO - sales: chunk 12 inserted (100000 rows)
2026-01-30 14:34:15,686 - INFO - sales: chunk 13 inserted (100000 rows)
2026-01-30 14:35:02,507 - INFO - sales: chunk 14 inserted (100000 rows)
2026-01-30 14:35:50,583 - INFO - sales: chunk 15 inserted (100000 rows)
2026-01-30 14:36:39,164 - INFO - sales: chunk 16 inserted (100000 rows)
2026-01-30 14:37:27,077 - INFO - sales: chunk 17 inserted (100000 rows)
2026-01-30 14:38:16,430 - INFO - sales: chunk 18 inserted (100000 rows)
2026-01-30 14:39:00,552 - INFO - sales: chunk 19 inserted (100000 rows)
2026-01-30 14:39:47,791 - INFO - sales: chunk 20 inserted (100000 rows)
2026-01-31 10:27:02,876 - INFO - ===== DATA INGESTION STARTED =====
2026-01-31 10:27:04,572 - INFO - Started ingesting begin_inventory.csv
2026-01-31 10:27:26,897 - INFO - begin_inventory: chunk 1 inserted (100000 rows)
2026-01-31 10:27:50,097 - INFO - begin_inventory: chunk 2 inserted (100000 rows)
2026-01-31 10:27:51,587 - INFO - begin_inventory: chunk 3 inserted (6529 rows)
2026-01-31 10:27:51,589 - INFO - Finished begin_inventory in 0.78 minutes
2026-01-31 10:27:51,590 - INFO - Started ingesting end_inventory.csv
2026-01-31 10:28:13,269 - INFO - end_inventory: chunk 1 inserted (100000 rows)
2026-01-31 10:28:34,941 - INFO - end_inventory: chunk 2 inserted (100000 rows)
2026-01-31 10:28:39,582 - INFO - end_inventory: chunk 3 inserted (24489 rows)
2026-01-31 10:28:39,584 - INFO - Finished end_inventory in 0.80 minutes
2026-01-31 10:28:39,584 - INFO - Started ingesting purchases.csv
2026-01-31 10:29:23,729 - INFO - purchases: chunk 1 inserted (100000 rows)
2026-01-31 10:30:05,373 - INFO - purchases: chunk 2 inserted (100000 rows)
2026-01-31 10:30:47,901 - INFO - purchases: chunk 3 inserted (100000 rows)
2026-01-31 10:31:27,595 - INFO - purchases: chunk 4 inserted (100000 rows)
2026-01-31 10:32:08,279 - INFO - purchases: chunk 5 inserted (100000 rows)
2026-01-31 10:32:50,134 - INFO - purchases: chunk 6 inserted (100000 rows)
2026-01-31 10:33:33,185 - INFO - purchases: chunk 7 inserted (100000 rows)
2026-01-31 10:34:17,256 - INFO - purchases: chunk 8 inserted (100000 rows)
2026-01-31 10:34:58,161 - INFO - purchases: chunk 9 inserted (100000 rows)
2026-01-31 10:35:38,471 - INFO - purchases: chunk 10 inserted (100000 rows)
2026-01-31 10:36:20,183 - INFO - purchases: chunk 11 inserted (100000 rows)
2026-01-31 10:37:00,572 - INFO - purchases: chunk 12 inserted (100000 rows)
2026-01-31 10:37:44,000 - INFO - purchases: chunk 13 inserted (100000 rows)
2026-01-31 10:38:25,974 - INFO - purchases: chunk 14 inserted (100000 rows)
2026-01-31 10:39:08,023 - INFO - purchases: chunk 15 inserted (100000 rows)
2026-01-31 10:39:51,003 - INFO - purchases: chunk 16 inserted (100000 rows)
2026-01-31 10:40:33,465 - INFO - purchases: chunk 17 inserted (100000 rows)
2026-01-31 10:41:16,117 - INFO - purchases: chunk 18 inserted (100000 rows)
2026-01-31 10:41:56,723 - INFO - purchases: chunk 19 inserted (100000 rows)
2026-01-31 10:42:38,834 - INFO - purchases: chunk 20 inserted (100000 rows)
2026-01-31 10:43:22,109 - INFO - purchases: chunk 21 inserted (100000 rows)
2026-01-31 10:44:05,227 - INFO - purchases: chunk 22 inserted (100000 rows)
2026-01-31 10:44:49,804 - INFO - purchases: chunk 23 inserted (100000 rows)
2026-01-31 10:45:20,121 - INFO - purchases: chunk 24 inserted (72474 rows)
2026-01-31 10:45:20,132 - INFO - Finished purchases in 16.68 minutes
2026-01-31 10:45:20,132 - INFO - Started ingesting purchase_prices.csv
2026-01-31 10:45:22,648 - INFO - purchase_prices: chunk 1 inserted (12261 rows)
2026-01-31 10:45:22,649 - INFO - Finished purchase_prices in 0.04 minutes
2026-01-31 10:45:22,649 - INFO - Started ingesting sales.csv
2026-01-31 10:45:59,215 - INFO - sales: chunk 1 inserted (100000 rows)
2026-01-31 10:46:36,507 - INFO - sales: chunk 2 inserted (100000 rows)
2026-01-31 10:47:12,084 - INFO - sales: chunk 3 inserted (100000 rows)
2026-01-31 10:47:49,298 - INFO - sales: chunk 4 inserted (100000 rows)
2026-01-31 10:48:27,554 - INFO - sales: chunk 5 inserted (100000 rows)
2026-01-31 10:49:05,591 - INFO - sales: chunk 6 inserted (100000 rows)
2026-01-31 10:49:42,050 - INFO - sales: chunk 7 inserted (100000 rows)
2026-01-31 10:50:19,478 - INFO - sales: chunk 8 inserted (100000 rows)
2026-01-31 10:50:58,240 - INFO - sales: chunk 9 inserted (100000 rows)
2026-01-31 10:51:35,212 - INFO - sales: chunk 10 inserted (100000 rows)
2026-01-31 10:52:13,993 - INFO - sales: chunk 11 inserted (100000 rows)
2026-01-31 10:52:52,161 - INFO - sales: chunk 12 inserted (100000 rows)
2026-01-31 10:53:29,875 - INFO - sales: chunk 13 inserted (100000 rows)
2026-01-31 10:54:22,042 - INFO - sales: chunk 14 inserted (100000 rows)
2026-01-31 10:55:55,536 - INFO - sales: chunk 15 inserted (100000 rows)
2026-01-31 10:57:34,442 - INFO - sales: chunk 16 inserted (100000 rows)
2026-01-31 10:59:06,100 - INFO - sales: chunk 17 inserted (100000 rows)
2026-01-31 11:00:32,847 - INFO - sales: chunk 18 inserted (100000 rows)
2026-01-31 11:02:06,263 - INFO - sales: chunk 19 inserted (100000 rows)
2026-01-31 11:03:36,922 - INFO - sales: chunk 20 inserted (100000 rows)
2026-01-31 11:05:13,533 - INFO - sales: chunk 21 inserted (100000 rows)
2026-01-31 11:06:55,707 - INFO - sales: chunk 22 inserted (100000 rows)
2026-01-31 11:08:34,597 - INFO - sales: chunk 23 inserted (100000 rows)
2026-01-31 11:10:12,456 - INFO - sales: chunk 24 inserted (100000 rows)
2026-01-31 11:11:48,926 - INFO - sales: chunk 25 inserted (100000 rows)
2026-01-31 11:13:30,918 - INFO - sales: chunk 26 inserted (100000 rows)
2026-01-31 11:15:07,385 - INFO - sales: chunk 27 inserted (100000 rows)
2026-01-31 11:16:37,134 - INFO - sales: chunk 28 inserted (100000 rows)
2026-01-31 11:18:10,299 - INFO - sales: chunk 29 inserted (100000 rows)
2026-01-31 11:19:49,324 - INFO - sales: chunk 30 inserted (100000 rows)
2026-01-31 11:21:22,544 - INFO - sales: chunk 31 inserted (100000 rows)
2026-01-31 11:23:03,972 - INFO - sales: chunk 32 inserted (100000 rows)
2026-01-31 11:24:02,962 - INFO - sales: chunk 33 inserted (100000 rows)
2026-01-31 11:24:40,006 - INFO - sales: chunk 34 inserted (100000 rows)
2026-01-31 11:25:16,560 - INFO - sales: chunk 35 inserted (100000 rows)
2026-01-31 11:25:53,043 - INFO - sales: chunk 36 inserted (100000 rows)
2026-01-31 11:26:30,068 - INFO - sales: chunk 37 inserted (100000 rows)
2026-01-31 11:27:07,308 - INFO - sales: chunk 38 inserted (100000 rows)
2026-01-31 11:27:50,849 - INFO - sales: chunk 39 inserted (100000 rows)
2026-01-31 11:28:46,174 - INFO - sales: chunk 40 inserted (100000 rows)
2026-01-31 11:29:25,741 - INFO - sales: chunk 41 inserted (100000 rows)
2026-01-31 11:30:03,916 - INFO - sales: chunk 42 inserted (100000 rows)
2026-01-31 11:30:41,687 - INFO - sales: chunk 43 inserted (100000 rows)
2026-01-31 11:31:18,899 - INFO - sales: chunk 44 inserted (100000 rows)
2026-01-31 11:31:55,841 - INFO - sales: chunk 45 inserted (100000 rows)
2026-01-31 11:32:31,295 - INFO - sales: chunk 46 inserted (100000 rows)
2026-01-31 11:33:08,514 - INFO - sales: chunk 47 inserted (100000 rows)
2026-01-31 11:33:46,029 - INFO - sales: chunk 48 inserted (100000 rows)
2026-01-31 11:34:23,502 - INFO - sales: chunk 49 inserted (100000 rows)
2026-01-31 11:35:00,156 - INFO - sales: chunk 50 inserted (100000 rows)
2026-01-31 11:35:37,221 - INFO - sales: chunk 51 inserted (100000 rows)
2026-01-31 11:36:15,183 - INFO - sales: chunk 52 inserted (100000 rows)
2026-01-31 11:37:11,578 - INFO - sales: chunk 53 inserted (100000 rows)
2026-01-31 11:38:45,506 - INFO - sales: chunk 54 inserted (100000 rows)
2026-01-31 11:40:21,103 - INFO - sales: chunk 55 inserted (100000 rows)
2026-01-31 11:42:07,930 - INFO - sales: chunk 56 inserted (100000 rows)
2026-01-31 11:43:43,052 - INFO - sales: chunk 57 inserted (100000 rows)
2026-01-31 11:45:13,895 - INFO - sales: chunk 58 inserted (100000 rows)
2026-01-31 11:46:41,096 - INFO - sales: chunk 59 inserted (100000 rows)
2026-01-31 11:48:09,959 - INFO - sales: chunk 60 inserted (100000 rows)
2026-01-31 11:49:38,742 - INFO - sales: chunk 61 inserted (100000 rows)
2026-01-31 11:51:10,841 - INFO - sales: chunk 62 inserted (100000 rows)
2026-01-31 11:52:41,888 - INFO - sales: chunk 63 inserted (100000 rows)
2026-01-31 11:54:14,867 - INFO - sales: chunk 64 inserted (100000 rows)
2026-01-31 11:55:38,971 - INFO - sales: chunk 65 inserted (100000 rows)
2026-01-31 11:56:30,933 - INFO - sales: chunk 66 inserted (100000 rows)
2026-01-31 11:57:07,707 - INFO - sales: chunk 67 inserted (100000 rows)
2026-01-31 11:57:42,653 - INFO - sales: chunk 68 inserted (100000 rows)
2026-01-31 11:58:19,587 - INFO - sales: chunk 69 inserted (100000 rows)
2026-01-31 11:58:56,210 - INFO - sales: chunk 70 inserted (100000 rows)
2026-01-31 11:59:33,583 - INFO - sales: chunk 71 inserted (100000 rows)
2026-01-31 12:00:10,635 - INFO - sales: chunk 72 inserted (100000 rows)
2026-01-31 12:00:47,634 - INFO - sales: chunk 73 inserted (100000 rows)
2026-01-31 12:01:24,900 - INFO - sales: chunk 74 inserted (100000 rows)
2026-01-31 12:02:02,277 - INFO - sales: chunk 75 inserted (100000 rows)
2026-01-31 12:02:38,675 - INFO - sales: chunk 76 inserted (100000 rows)
2026-01-31 12:03:15,352 - INFO - sales: chunk 77 inserted (100000 rows)
2026-01-31 12:03:52,318 - INFO - sales: chunk 78 inserted (100000 rows)
2026-01-31 12:04:28,997 - INFO - sales: chunk 79 inserted (100000 rows)
2026-01-31 12:05:04,734 - INFO - sales: chunk 80 inserted (100000 rows)
2026-01-31 12:05:41,263 - INFO - sales: chunk 81 inserted (100000 rows)
2026-01-31 12:06:18,457 - INFO - sales: chunk 82 inserted (100000 rows)
2026-01-31 12:06:55,300 - INFO - sales: chunk 83 inserted (100000 rows)
2026-01-31 12:07:31,968 - INFO - sales: chunk 84 inserted (100000 rows)
2026-01-31 12:08:08,014 - INFO - sales: chunk 85 inserted (100000 rows)
2026-01-31 12:08:46,879 - INFO - sales: chunk 86 inserted (100000 rows)
2026-01-31 12:09:24,005 - INFO - sales: chunk 87 inserted (100000 rows)
2026-01-31 12:10:01,689 - INFO - sales: chunk 88 inserted (100000 rows)
2026-01-31 12:10:38,267 - INFO - sales: chunk 89 inserted (100000 rows)
2026-01-31 12:11:14,755 - INFO - sales: chunk 90 inserted (100000 rows)
2026-01-31 12:11:49,067 - INFO - sales: chunk 91 inserted (100000 rows)
2026-01-31 12:12:26,345 - INFO - sales: chunk 92 inserted (100000 rows)
2026-01-31 12:13:01,488 - INFO - sales: chunk 93 inserted (100000 rows)
2026-01-31 12:13:38,416 - INFO - sales: chunk 94 inserted (100000 rows)
2026-01-31 12:14:15,020 - INFO - sales: chunk 95 inserted (100000 rows)
2026-01-31 12:14:52,142 - INFO - sales: chunk 96 inserted (100000 rows)
2026-01-31 12:15:28,495 - INFO - sales: chunk 97 inserted (100000 rows)
2026-01-31 12:16:05,352 - INFO - sales: chunk 98 inserted (100000 rows)
2026-01-31 12:16:43,183 - INFO - sales: chunk 99 inserted (100000 rows)
2026-01-31 12:17:19,119 - INFO - sales: chunk 100 inserted (100000 rows)
2026-01-31 12:18:30,914 - INFO - sales: chunk 101 inserted (100000 rows)
2026-01-31 12:19:57,933 - INFO - sales: chunk 102 inserted (100000 rows)
2026-01-31 12:21:24,323 - INFO - sales: chunk 103 inserted (100000 rows)
2026-01-31 12:22:54,446 - INFO - sales: chunk 104 inserted (100000 rows)
2026-01-31 12:24:22,005 - INFO - sales: chunk 105 inserted (100000 rows)
2026-01-31 12:25:53,889 - INFO - sales: chunk 106 inserted (100000 rows)
2026-01-31 12:27:24,559 - INFO - sales: chunk 107 inserted (100000 rows)
2026-01-31 12:28:48,308 - INFO - sales: chunk 108 inserted (100000 rows)
2026-01-31 12:30:17,687 - INFO - sales: chunk 109 inserted (100000 rows)
2026-01-31 12:31:42,118 - INFO - sales: chunk 110 inserted (100000 rows)
2026-01-31 12:33:09,394 - INFO - sales: chunk 111 inserted (100000 rows)
2026-01-31 12:34:35,664 - INFO - sales: chunk 112 inserted (100000 rows)
2026-01-31 12:36:00,224 - INFO - sales: chunk 113 inserted (100000 rows)
2026-01-31 12:37:35,613 - INFO - sales: chunk 114 inserted (100000 rows)
2026-01-31 12:39:00,664 - INFO - sales: chunk 115 inserted (100000 rows)
2026-01-31 12:40:29,510 - INFO - sales: chunk 116 inserted (100000 rows)
2026-01-31 12:41:53,722 - INFO - sales: chunk 117 inserted (100000 rows)
2026-01-31 12:43:22,235 - INFO - sales: chunk 118 inserted (100000 rows)
2026-01-31 12:44:48,502 - INFO - sales: chunk 119 inserted (100000 rows)
2026-01-31 12:46:15,838 - INFO - sales: chunk 120 inserted (100000 rows)
2026-01-31 12:47:37,884 - INFO - sales: chunk 121 inserted (100000 rows)
2026-01-31 12:49:03,153 - INFO - sales: chunk 122 inserted (100000 rows)
2026-01-31 12:50:31,199 - INFO - sales: chunk 123 inserted (100000 rows)
2026-01-31 12:51:57,906 - INFO - sales: chunk 124 inserted (100000 rows)
2026-01-31 12:53:25,859 - INFO - sales: chunk 125 inserted (100000 rows)
2026-01-31 12:54:17,255 - INFO - sales: chunk 126 inserted (100000 rows)
2026-01-31 12:54:53,902 - INFO - sales: chunk 127 inserted (100000 rows)
2026-01-31 12:55:30,763 - INFO - sales: chunk 128 inserted (100000 rows)
2026-01-31 12:55:39,127 - INFO - sales: chunk 129 inserted (25363 rows)
2026-01-31 12:55:39,136 - INFO - Finished sales in 130.27 minutes
2026-01-31 12:55:39,136 - INFO - Started ingesting vendor_invoice.csv
2026-01-31 12:55:40,719 - INFO - vendor_invoice: chunk 1 inserted (5543 rows)
2026-01-31 12:55:40,720 - INFO - Finished vendor_invoice in 0.03 minutes
2026-01-31 12:55:40,720 - INFO - -------------All Ingestion Completed---------------
2026-01-31 12:55:40,720 - INFO - Total Time Taken: 148.63 minutes
2026-01-31 13:27:31,669 - ERROR - No such comm target registered: jupyter.widget.control
2026-01-31 13:27:31,673 - WARNING - No such comm: bddd4e88-6a05-4706-aae2-cef037a0f560
2026-02-01 10:58:29,634 - INFO - ===== DATA INGESTION STARTED ====
2026-02-01 10:58:29,635 - INFO - Started ingesting begin_inventory.csv
2026-02-01 10:59:28,779 - INFO - begin_inventory: chunk 1 inserted (100000 rows)
2026-02-01 11:00:25,079 - INFO - begin_inventory: chunk 2 inserted (100000 rows)
2026-02-01 11:00:28,650 - INFO - begin_inventory: chunk 3 inserted (6529 rows)
2026-02-01 11:00:28,659 - INFO - Finished begin_inventory in 1.98 minutes
2026-02-01 11:00:28,659 - INFO - Started ingesting end_inventory.csv
2026-02-01 11:01:22,565 - INFO - end_inventory: chunk 1 inserted (100000 rows)
2026-02-01 11:02:18,780 - INFO - end_inventory: chunk 2 inserted (100000 rows)
2026-02-01 11:02:32,766 - INFO - end_inventory: chunk 3 inserted (24489 rows)
2026-02-01 11:02:32,773 - INFO - Finished end_inventory in 2.07 minutes
2026-02-01 11:02:32,773 - INFO - Started ingesting purchases.csv
